ERROR:root:expected string or buffer
ERROR:root:2015-09-23 23:04:36,741
ERROR:root:2015-09-23 23:08:01,507:20s expected string or buffer
ERROR:root:2015-09-23 23:09:08,087:-20s expected string or buffer
ERROR:root:2015-09-23 23:10:38,434:expected string or buffer
ERROR:root:09/23/2015 11:15:46 PM:expected string or buffer
ERROR:root:23-09-2015 11:16:47 PM:expected string or buffer
ERROR:root:24-09-2015 12:17:43 AM:expected string or buffer
ERROR:root:24-09-2015 10:37:46 AM:expected string or buffer
"ERROR:root:24-09-2015 10:46:28 AM:expected string or buffer"
ERROR:root:24-09-2015 10:47:55 AM:expected string or buffer
ERROR:root:15-11-2015 10:13:03 AM:'memory'
ERROR:root:15-11-2015 10:25:05 AM:'memory'
ERROR:root:15-11-2015 10:29:22 AM:'memory'
ERROR:root:15-11-2015 10:30:12 AM:'memory'
ERROR:root:15-11-2015 10:31:07 AM:'memory'
ERROR:root:15-11-2015 10:31:47 AM:'memory'
ERROR:root:15-11-2015 10:52:10 AM:'memory'
ERROR:root:15-11-2015 10:53:00 AM:'memory'
ERROR:root:15-11-2015 10:55:44 AM:'memory'
ERROR:root:15-11-2015 11:54:49 AM:'memory'
ERROR:root:03-12-2015 11:45:02 AM:an integer is required
ERROR:root:03-12-2015 11:46:12 AM:[Errno 98] Address already in use
ERROR:root:03-12-2015 11:46:42 AM:an integer is required
ERROR:root:03-12-2015 11:48:23 AM:an integer is required
ERROR:root:03-12-2015 11:52:32 AM:an integer is required
ERROR:root:16-01-2016 03:15:01 PM:'memory'
ERROR:root:16-01-2016 03:27:27 PM:'memory'
ERROR:root:16-01-2016 03:32:42 PM:'memory'
ERROR:root:16-01-2016 03:33:45 PM:'memory'
ERROR:root:16-01-2016 03:50:53 PM:'memory'
ERROR:root:16-01-2016 03:53:36 PM:'memory'
ERROR:root:16-01-2016 03:54:35 PM:'memory'
ERROR:root:16-01-2016 03:55:20 PM:'memory'
ERROR:root:16-01-2016 03:57:34 PM:'memory'
ERROR:root:16-01-2016 03:58:07 PM:'memory'
ERROR:root:16-01-2016 03:59:31 PM:'memory'
ERROR:root:16-01-2016 04:10:08 PM:'memory'
ERROR:root:16-01-2016 04:12:06 PM:'memory'
ERROR:root:16-01-2016 04:13:33 PM:'memory'
ERROR:root:16-01-2016 04:16:56 PM:'memory'
ERROR:root:16-01-2016 04:22:22 PM:'memory'
ERROR:root:16-01-2016 04:27:16 PM:'memory'
ERROR:root:16-01-2016 04:27:33 PM:'memory'
ERROR:root:16-01-2016 04:33:39 PM:'memory'
ERROR:root:16-01-2016 04:34:25 PM:'memory'
ERROR:root:16-01-2016 04:39:46 PM:'memory'
ERROR:root:16-01-2016 04:40:25 PM:'memory'
ERROR:root:16-01-2016 04:42:35 PM:'memory'
ERROR:root:16-01-2016 04:45:40 PM:'memory'
ERROR:root:16-01-2016 04:50:18 PM:'memory'
ERROR:root:16-01-2016 04:50:44 PM:'memory'
ERROR:root:16-01-2016 04:51:40 PM:'memory'
ERROR:root:16-01-2016 04:52:46 PM:'memory'
ERROR:root:16-01-2016 04:53:25 PM:'memory'
ERROR:root:16-01-2016 04:55:02 PM:'memory'
ERROR:root:16-01-2016 05:23:05 PM:'memory'
ERROR:root:16-01-2016 05:39:57 PM:'memory'
ERROR:root:16-01-2016 05:44:43 PM:'memory'
ERROR:root:16-01-2016 05:46:39 PM:'memory'
ERROR:root:16-01-2016 05:46:50 PM:'memory'
ERROR:root:16-01-2016 08:19:01 PM:'memory'
ERROR:root:16-01-2016 08:19:58 PM:'memory'
ERROR:root:16-01-2016 08:40:05 PM:'memory'
ERROR:root:16-01-2016 08:45:07 PM:'memory'
ERROR:root:16-01-2016 08:55:12 PM:'memory'
ERROR:root:16-01-2016 09:06:22 PM:'memory'
ERROR:root:16-01-2016 09:07:01 PM:'memory'
ERROR:root:16-01-2016 09:07:55 PM:'memory'
ERROR:root:16-01-2016 09:38:54 PM:'memory'
ERROR:root:16-01-2016 09:39:29 PM:'memory'
ERROR:root:16-01-2016 10:04:11 PM:'memory'
ERROR:root:16-01-2016 10:05:14 PM:'memory'
ERROR:root:16-01-2016 10:09:57 PM:'memory'
ERROR:root:16-01-2016 10:37:11 PM:'memory'
ERROR:root:16-01-2016 10:41:42 PM:'memory'
ERROR:root:16-01-2016 10:53:36 PM:'memory'
ERROR:root:16-01-2016 11:12:01 PM:'memory'
ERROR:root:16-01-2016 11:22:40 PM:'memory'
ERROR:root:17-01-2016 06:44:22 AM:'memory'
